<?xml version="1.0" encoding="UTF-8"?>
<testsuite name="linketinder.db.DBConnectionTest" tests="2" skipped="0" failures="0" errors="0" timestamp="2023-10-24T18:52:51" hostname="iMac.local" time="0.46">
  <properties/>
  <testcase name="testSameConnectionReuse()" classname="linketinder.db.DBConnectionTest" time="0.457"/>
  <testcase name="testConnectionCreation()" classname="linketinder.db.DBConnectionTest" time="0.002"/>
  <system-out><![CDATA[]]></system-out>
  <system-err><![CDATA[]]></system-err>
</testsuite>
