<?xml version="1.0" encoding="UTF-8"?>
<testsuite name="linketinder.entities.CandidateTest" tests="2" skipped="0" failures="0" errors="0" timestamp="2023-10-02T13:21:55" hostname="iMac.local" time="0.056">
  <properties/>
  <testcase name="testCandidateAttributes()" classname="linketinder.entities.CandidateTest" time="0.038"/>
  <testcase name="testAddCandidate()" classname="linketinder.entities.CandidateTest" time="0.018"/>
  <system-out><![CDATA[]]></system-out>
  <system-err><![CDATA[]]></system-err>
</testsuite>
