<?xml version="1.0" encoding="UTF-8"?>
<testsuite name="linketinder.controller.MatchControllerTest" tests="3" skipped="0" failures="0" errors="0" timestamp="2023-10-02T13:21:55" hostname="iMac.local" time="0.149">
  <properties/>
  <testcase name="testHandleCompanyMatchResults()" classname="linketinder.controller.MatchControllerTest" time="0.095"/>
  <testcase name="testManageVacancyListAndLikes()" classname="linketinder.controller.MatchControllerTest" time="0.023"/>
  <testcase name="testLikeVacancy()" classname="linketinder.controller.MatchControllerTest" time="0.03"/>
  <system-out><![CDATA[Id da vaga: 1
Titulo: Desenvolvedor Full Stack
Descrição: Vaga para desenvolvedor Full Stack
Skills:
Java, Spring Boot, Angular, SQL, C#
------------------------------
]]></system-out>
  <system-err><![CDATA[]]></system-err>
</testsuite>
