<?xml version="1.0" encoding="UTF-8"?>
<testsuite name="linketinder.controller.CompanyControllerTest" tests="2" skipped="0" failures="0" errors="0" timestamp="2023-10-03T16:53:35" hostname="iMac.local" time="0.097">
  <properties/>
  <testcase name="testExecuteCompanyDeletion()" classname="linketinder.controller.CompanyControllerTest" time="0.091"/>
  <testcase name="testAddCompany()" classname="linketinder.controller.CompanyControllerTest" time="0.005"/>
  <system-out><![CDATA[]]></system-out>
  <system-err><![CDATA[]]></system-err>
</testsuite>
