<?xml version="1.0" encoding="UTF-8"?>
<testsuite name="linketinder.db.DBConnectionTest" tests="2" skipped="0" failures="0" errors="0" timestamp="2023-10-03T16:53:36" hostname="iMac.local" time="0.285">
  <properties/>
  <testcase name="testSameConnectionReuse()" classname="linketinder.db.DBConnectionTest" time="0.282"/>
  <testcase name="testConnectionCreation()" classname="linketinder.db.DBConnectionTest" time="0.002"/>
  <system-out><![CDATA[]]></system-out>
  <system-err><![CDATA[]]></system-err>
</testsuite>
