<?xml version="1.0" encoding="UTF-8"?>
<testsuite name="linketinder.controller.CandidateControllerTest" tests="3" skipped="0" failures="0" errors="0" timestamp="2023-10-02T13:21:53" hostname="iMac.local" time="2.048">
  <properties/>
  <testcase name="testExecuteCandidateDeletion()" classname="linketinder.controller.CandidateControllerTest" time="1.86"/>
  <testcase name="testListCandidates()" classname="linketinder.controller.CandidateControllerTest" time="0.18"/>
  <testcase name="testAddCandidate()" classname="linketinder.controller.CandidateControllerTest" time="0.004"/>
  <system-out><![CDATA[]]></system-out>
  <system-err><![CDATA[]]></system-err>
</testsuite>
