<?xml version="1.0" encoding="UTF-8"?>
<testsuite name="linketinder.controller.MatchControllerTest" tests="1" skipped="0" failures="0" errors="0" timestamp="2023-09-24T16:32:31" hostname="iMac.local" time="0.889">
  <properties/>
  <testcase name="testManageVacancyListAndLikes()" classname="linketinder.controller.MatchControllerTest" time="0.889"/>
  <system-out><![CDATA[Id da vaga: 1
Titulo: Desenvolvedor Full Stack
Descrição: Vaga para desenvolvedor Full Stack
Skills:
Java, Spring Boot, Angular, SQL, C#
------------------------------
]]></system-out>
  <system-err><![CDATA[]]></system-err>
</testsuite>
