<?xml version="1.0" encoding="UTF-8"?>
<testsuite name="linketinder.controller.CompanyControllerTest" tests="2" skipped="0" failures="0" errors="0" timestamp="2023-10-24T18:52:43" hostname="iMac.local" time="7.575">
  <properties/>
  <testcase name="testExecuteCompanyDeletion()" classname="linketinder.controller.CompanyControllerTest" time="7.567"/>
  <testcase name="testAddCompany()" classname="linketinder.controller.CompanyControllerTest" time="0.005"/>
  <system-out><![CDATA[]]></system-out>
  <system-err><![CDATA[]]></system-err>
</testsuite>
