<?xml version="1.0" encoding="UTF-8"?>
<testsuite name="linketinder.controller.MatchControllerTest" tests="1" skipped="0" failures="0" errors="0" timestamp="2023-09-24T13:41:41" hostname="iMac.local" time="0.882">
  <properties/>
  <testcase name="testHandleCompanyMatchResults()" classname="linketinder.controller.MatchControllerTest" time="0.882"/>
  <system-out><![CDATA[]]></system-out>
  <system-err><![CDATA[]]></system-err>
</testsuite>
