<?xml version="1.0" encoding="UTF-8"?>
<testsuite name="linketinder.controller.CandidateControllerTest" tests="1" skipped="0" failures="0" errors="0" timestamp="2023-09-23T00:00:22" hostname="iMac.local" time="0.775">
  <properties/>
  <testcase name="testExecuteCandidateDeletion()" classname="linketinder.controller.CandidateControllerTest" time="0.775"/>
  <system-out><![CDATA[]]></system-out>
  <system-err><![CDATA[]]></system-err>
</testsuite>
