<?xml version="1.0" encoding="UTF-8"?>
<testsuite name="linketinder.controller.CandidateControllerTest" tests="2" skipped="0" failures="0" errors="0" timestamp="2023-10-26T13:56:57" hostname="iMac.local" time="0.778">
  <properties/>
  <testcase name="testExecuteCandidateDeletion()" classname="linketinder.controller.CandidateControllerTest" time="0.766"/>
  <testcase name="testAddCandidate()" classname="linketinder.controller.CandidateControllerTest" time="0.007"/>
  <system-out><![CDATA[]]></system-out>
  <system-err><![CDATA[]]></system-err>
</testsuite>
