<?xml version="1.0" encoding="UTF-8"?>
<testsuite name="linketinder.entities.CompanyTest" tests="2" skipped="0" failures="0" errors="0" timestamp="2023-10-24T18:52:52" hostname="iMac.local" time="0.003">
  <properties/>
  <testcase name="testCompanyAttributes()" classname="linketinder.entities.CompanyTest" time="0.001"/>
  <testcase name="testAddCompany()" classname="linketinder.entities.CompanyTest" time="0.001"/>
  <system-out><![CDATA[]]></system-out>
  <system-err><![CDATA[]]></system-err>
</testsuite>
