<?xml version="1.0" encoding="UTF-8"?>
<testsuite name="linketinder.controller.VacancyControllerTest" tests="1" skipped="0" failures="0" errors="0" timestamp="2023-09-24T00:13:20" hostname="iMac.local" time="0.78">
  <properties/>
  <testcase name="testAddVacancy()" classname="linketinder.controller.VacancyControllerTest" time="0.78"/>
  <system-out><![CDATA[]]></system-out>
  <system-err><![CDATA[]]></system-err>
</testsuite>
